2019-03-27T15:14:22+00:00 CRITICAL Uncaught Error: [] operator not supported for strings in /home/aki/WebDevelop/wordpress/wp-content/plugins/acme-demo-setup/inc/admin/upload.php:126
Stack trace:
#0 /home/aki/WebDevelop/wordpress/wp-includes/class-wp-hook.php(286): Acme_Demo_Setup->handler('')
#1 /home/aki/WebDevelop/wordpress/wp-includes/class-wp-hook.php(310): WP_Hook->apply_filters('', Array)
#2 /home/aki/WebDevelop/wordpress/wp-includes/plugin.php(465): WP_Hook->do_action(Array)
#3 /home/aki/WebDevelop/wordpress/wp-admin/admin-ajax.php(167): do_action('wp_ajax_acme_de...')
#4 {main}
  thrown in /home/aki/WebDevelop/wordpress/wp-content/plugins/acme-demo-setup/inc/admin/upload.php on line 126

2019-03-27T15:15:57+00:00 CRITICAL Uncaught Error: [] operator not supported for strings in /home/aki/WebDevelop/wordpress/wp-content/plugins/acme-demo-setup/inc/admin/upload.php:126
Stack trace:
#0 /home/aki/WebDevelop/wordpress/wp-includes/class-wp-hook.php(286): Acme_Demo_Setup->handler('')
#1 /home/aki/WebDevelop/wordpress/wp-includes/class-wp-hook.php(310): WP_Hook->apply_filters('', Array)
#2 /home/aki/WebDevelop/wordpress/wp-includes/plugin.php(465): WP_Hook->do_action(Array)
#3 /home/aki/WebDevelop/wordpress/wp-admin/admin-ajax.php(167): do_action('wp_ajax_acme_de...')
#4 {main}
  thrown in /home/aki/WebDevelop/wordpress/wp-content/plugins/acme-demo-setup/inc/admin/upload.php on line 126

2019-03-27T15:25:27+00:00 CRITICAL Uncaught Error: [] operator not supported for strings in /home/aki/WebDevelop/wordpress/wp-content/plugins/acme-demo-setup/inc/admin/upload.php:126
Stack trace:
#0 /home/aki/WebDevelop/wordpress/wp-includes/class-wp-hook.php(286): Acme_Demo_Setup->handler('')
#1 /home/aki/WebDevelop/wordpress/wp-includes/class-wp-hook.php(310): WP_Hook->apply_filters('', Array)
#2 /home/aki/WebDevelop/wordpress/wp-includes/plugin.php(465): WP_Hook->do_action(Array)
#3 /home/aki/WebDevelop/wordpress/wp-admin/admin-ajax.php(167): do_action('wp_ajax_acme_de...')
#4 {main}
  thrown in /home/aki/WebDevelop/wordpress/wp-content/plugins/acme-demo-setup/inc/admin/upload.php on line 126

2019-03-27T15:26:56+00:00 CRITICAL Uncaught Error: [] operator not supported for strings in /home/aki/WebDevelop/wordpress/wp-content/plugins/acme-demo-setup/inc/admin/upload.php:126
Stack trace:
#0 /home/aki/WebDevelop/wordpress/wp-includes/class-wp-hook.php(286): Acme_Demo_Setup->handler('')
#1 /home/aki/WebDevelop/wordpress/wp-includes/class-wp-hook.php(310): WP_Hook->apply_filters('', Array)
#2 /home/aki/WebDevelop/wordpress/wp-includes/plugin.php(465): WP_Hook->do_action(Array)
#3 /home/aki/WebDevelop/wordpress/wp-admin/admin-ajax.php(167): do_action('wp_ajax_acme_de...')
#4 {main}
  thrown in /home/aki/WebDevelop/wordpress/wp-content/plugins/acme-demo-setup/inc/admin/upload.php on line 126

2019-03-27T15:46:27+00:00 CRITICAL Uncaught Error: [] operator not supported for strings in /home/aki/WebDevelop/wordpress/wp-content/plugins/acme-demo-setup/inc/admin/upload.php:126
Stack trace:
#0 /home/aki/WebDevelop/wordpress/wp-includes/class-wp-hook.php(286): Acme_Demo_Setup->handler('')
#1 /home/aki/WebDevelop/wordpress/wp-includes/class-wp-hook.php(310): WP_Hook->apply_filters('', Array)
#2 /home/aki/WebDevelop/wordpress/wp-includes/plugin.php(465): WP_Hook->do_action(Array)
#3 /home/aki/WebDevelop/wordpress/wp-admin/admin-ajax.php(167): do_action('wp_ajax_acme_de...')
#4 {main}
  thrown in /home/aki/WebDevelop/wordpress/wp-content/plugins/acme-demo-setup/inc/admin/upload.php on line 126

2019-03-27T16:12:23+00:00 CRITICAL Uncaught Error: [] operator not supported for strings in /home/aki/WebDevelop/wordpress/wp-content/plugins/acme-demo-setup/inc/admin/upload.php:126
Stack trace:
#0 /home/aki/WebDevelop/wordpress/wp-includes/class-wp-hook.php(286): Acme_Demo_Setup->handler('')
#1 /home/aki/WebDevelop/wordpress/wp-includes/class-wp-hook.php(310): WP_Hook->apply_filters('', Array)
#2 /home/aki/WebDevelop/wordpress/wp-includes/plugin.php(465): WP_Hook->do_action(Array)
#3 /home/aki/WebDevelop/wordpress/wp-admin/admin-ajax.php(167): do_action('wp_ajax_acme_de...')
#4 {main}
  thrown in /home/aki/WebDevelop/wordpress/wp-content/plugins/acme-demo-setup/inc/admin/upload.php on line 126

